[1.754s] DEBUG:colcon:Command line arguments: ['/usr/bin/colcon', 'build']
[1.755s] DEBUG:colcon:Parsed command line arguments: Namespace(ament_cmake_args=None, base_paths=['.'], build_base='build', catkin_cmake_args=None, catkin_skip_building_tests=False, cmake_args=None, cmake_clean_cache=False, cmake_clean_first=False, cmake_force_configure=False, cmake_target=None, cmake_target_skip_unavailable=False, continue_on_error=False, event_handlers=None, executor='parallel', ignore_user_meta=False, install_base='install', log_base=None, log_level=None, main=<bound method BuildVerb.main of <colcon_core.verb.build.BuildVerb object at 0x7f95855be0>>, merge_install=False, metas=['./colcon.meta'], mixin=None, mixin_files=None, mixin_verb=('build',), packages_above=None, packages_above_and_dependencies=None, packages_above_depth=None, packages_end=None, packages_ignore=None, packages_ignore_regex=None, packages_select=None, packages_select_build_failed=False, packages_select_by_dep=None, packages_select_regex=None, packages_select_test_failures=False, packages_skip=None, packages_skip_build_finished=False, packages_skip_by_dep=None, packages_skip_regex=None, packages_skip_test_passed=False, packages_skip_up_to=None, packages_start=None, packages_up_to=None, packages_up_to_regex=None, parallel_workers=4, paths=None, symlink_install=False, test_result_base=None, verb_extension=<colcon_core.verb.build.BuildVerb object at 0x7f95855be0>, verb_name='build', verb_parser=<colcon_mixin.mixin.mixin_argument.MixinArgumentDecorator object at 0x7f958611f0>)
[1.882s] Level 1:colcon.colcon_core.package_discovery:discover_packages(colcon_meta) check parameters
[1.885s] INFO:colcon.colcon_metadata.package_discovery.colcon_meta:Using configuration from '/root/.colcon/metadata/default/Gazebo.meta'
[1.888s] INFO:colcon.colcon_metadata.package_discovery.colcon_meta:Using configuration from '/root/.colcon/metadata/default/fastrtps.meta'
[1.888s] Level 1:colcon.colcon_core.package_discovery:discover_packages(recursive) check parameters
[1.888s] Level 1:colcon.colcon_core.package_discovery:discover_packages(ignore) check parameters
[1.888s] Level 1:colcon.colcon_core.package_discovery:discover_packages(path) check parameters
[1.888s] Level 1:colcon.colcon_core.package_discovery:discover_packages(colcon_meta) discover
[1.889s] Level 1:colcon.colcon_core.package_discovery:discover_packages(recursive) discover
[1.889s] INFO:colcon.colcon_core.package_discovery:Crawling recursively for packages in '/root/usf_robotics/CIS4900_RoboticNavigator/src'
[1.889s] Level 1:colcon.colcon_core.package_identification:_identify(.) by extensions ['ignore', 'ignore_ament_install']
[1.890s] Level 1:colcon.colcon_core.package_identification:_identify(.) by extension 'ignore'
[1.890s] Level 1:colcon.colcon_core.package_identification:_identify(.) by extension 'ignore_ament_install'
[1.890s] Level 1:colcon.colcon_core.package_identification:_identify(.) by extensions ['colcon_pkg']
[1.890s] Level 1:colcon.colcon_core.package_identification:_identify(.) by extension 'colcon_pkg'
[1.890s] Level 1:colcon.colcon_core.package_identification:_identify(.) by extensions ['colcon_meta']
[1.891s] Level 1:colcon.colcon_core.package_identification:_identify(.) by extension 'colcon_meta'
[1.891s] Level 1:colcon.colcon_core.package_identification:_identify(.) by extensions ['ros']
[1.891s] Level 1:colcon.colcon_core.package_identification:_identify(.) by extension 'ros'
[1.981s] Level 1:colcon.colcon_core.package_identification:_identify(.) by extensions ['cmake', 'python']
[1.981s] Level 1:colcon.colcon_core.package_identification:_identify(.) by extension 'cmake'
[1.981s] Level 1:colcon.colcon_core.package_identification:_identify(.) by extension 'python'
[1.981s] Level 1:colcon.colcon_core.package_identification:_identify(.) by extensions ['python_setup_py']
[1.982s] Level 1:colcon.colcon_core.package_identification:_identify(.) by extension 'python_setup_py'
[1.982s] Level 1:colcon.colcon_core.package_identification:_identify(build) by extensions ['ignore', 'ignore_ament_install']
[1.982s] Level 1:colcon.colcon_core.package_identification:_identify(build) by extension 'ignore'
[1.983s] Level 1:colcon.colcon_core.package_identification:_identify(build) ignored
[1.983s] Level 1:colcon.colcon_core.package_identification:_identify(control_room_ui) by extensions ['ignore', 'ignore_ament_install']
[1.983s] Level 1:colcon.colcon_core.package_identification:_identify(control_room_ui) by extension 'ignore'
[1.984s] Level 1:colcon.colcon_core.package_identification:_identify(control_room_ui) by extension 'ignore_ament_install'
[1.984s] Level 1:colcon.colcon_core.package_identification:_identify(control_room_ui) by extensions ['colcon_pkg']
[1.984s] Level 1:colcon.colcon_core.package_identification:_identify(control_room_ui) by extension 'colcon_pkg'
[1.985s] Level 1:colcon.colcon_core.package_identification:_identify(control_room_ui) by extensions ['colcon_meta']
[1.985s] Level 1:colcon.colcon_core.package_identification:_identify(control_room_ui) by extension 'colcon_meta'
[1.985s] Level 1:colcon.colcon_core.package_identification:_identify(control_room_ui) by extensions ['ros']
[1.985s] Level 1:colcon.colcon_core.package_identification:_identify(control_room_ui) by extension 'ros'
[1.995s] DEBUG:colcon.colcon_core.package_identification:Package 'control_room_ui' with type 'ros.ament_python' and name 'control_room_ui'
[1.996s] Level 1:colcon.colcon_core.package_identification:_identify(install) by extensions ['ignore', 'ignore_ament_install']
[1.996s] Level 1:colcon.colcon_core.package_identification:_identify(install) by extension 'ignore'
[1.996s] Level 1:colcon.colcon_core.package_identification:_identify(install) ignored
[1.997s] Level 1:colcon.colcon_core.package_identification:_identify(log) by extensions ['ignore', 'ignore_ament_install']
[1.997s] Level 1:colcon.colcon_core.package_identification:_identify(log) by extension 'ignore'
[1.997s] Level 1:colcon.colcon_core.package_identification:_identify(log) ignored
[1.998s] Level 1:colcon.colcon_core.package_discovery:discover_packages(recursive) using defaults
[1.998s] Level 1:colcon.colcon_core.package_discovery:discover_packages(ignore) discover
[1.998s] Level 1:colcon.colcon_core.package_discovery:discover_packages(ignore) using defaults
[1.998s] Level 1:colcon.colcon_core.package_discovery:discover_packages(path) discover
[1.998s] Level 1:colcon.colcon_core.package_discovery:discover_packages(path) using defaults
[2.103s] Level 5:colcon.colcon_core.verb:set package 'control_room_ui' build argument 'cmake_args' from command line to 'None'
[2.103s] Level 5:colcon.colcon_core.verb:set package 'control_room_ui' build argument 'cmake_target' from command line to 'None'
[2.103s] Level 5:colcon.colcon_core.verb:set package 'control_room_ui' build argument 'cmake_target_skip_unavailable' from command line to 'False'
[2.103s] Level 5:colcon.colcon_core.verb:set package 'control_room_ui' build argument 'cmake_clean_cache' from command line to 'False'
[2.103s] Level 5:colcon.colcon_core.verb:set package 'control_room_ui' build argument 'cmake_clean_first' from command line to 'False'
[2.103s] Level 5:colcon.colcon_core.verb:set package 'control_room_ui' build argument 'cmake_force_configure' from command line to 'False'
[2.104s] Level 5:colcon.colcon_core.verb:set package 'control_room_ui' build argument 'ament_cmake_args' from command line to 'None'
[2.104s] Level 5:colcon.colcon_core.verb:set package 'control_room_ui' build argument 'catkin_cmake_args' from command line to 'None'
[2.104s] Level 5:colcon.colcon_core.verb:set package 'control_room_ui' build argument 'catkin_skip_building_tests' from command line to 'False'
[2.104s] DEBUG:colcon.colcon_core.verb:Building package 'control_room_ui' with the following arguments: {'ament_cmake_args': None, 'build_base': '/root/usf_robotics/CIS4900_RoboticNavigator/src/build/control_room_ui', 'catkin_cmake_args': None, 'catkin_skip_building_tests': False, 'cmake_args': None, 'cmake_clean_cache': False, 'cmake_clean_first': False, 'cmake_force_configure': False, 'cmake_target': None, 'cmake_target_skip_unavailable': False, 'install_base': '/root/usf_robotics/CIS4900_RoboticNavigator/src/install/control_room_ui', 'merge_install': False, 'path': '/root/usf_robotics/CIS4900_RoboticNavigator/src/control_room_ui', 'symlink_install': False, 'test_result_base': None}
[2.108s] INFO:colcon.colcon_core.executor:Executing jobs using 'parallel' executor
[2.126s] DEBUG:colcon.colcon_parallel_executor.executor.parallel:run_until_complete
[2.127s] INFO:colcon.colcon_ros.task.ament_python.build:Building ROS package in '/root/usf_robotics/CIS4900_RoboticNavigator/src/control_room_ui' with build type 'ament_python'
[2.128s] Level 1:colcon.colcon_core.shell:create_environment_hook('control_room_ui', 'ament_prefix_path')
[2.151s] INFO:colcon.colcon_core.plugin_system:Skipping extension 'colcon_core.shell.bat': Not used on non-Windows systems
[2.152s] INFO:colcon.colcon_core.shell:Creating environment hook '/root/usf_robotics/CIS4900_RoboticNavigator/src/install/control_room_ui/share/control_room_ui/hook/ament_prefix_path.ps1'
[2.155s] INFO:colcon.colcon_core.shell:Creating environment descriptor '/root/usf_robotics/CIS4900_RoboticNavigator/src/install/control_room_ui/share/control_room_ui/hook/ament_prefix_path.dsv'
[2.156s] INFO:colcon.colcon_core.shell:Creating environment hook '/root/usf_robotics/CIS4900_RoboticNavigator/src/install/control_room_ui/share/control_room_ui/hook/ament_prefix_path.sh'
[2.166s] INFO:colcon.colcon_core.shell:Skip shell extension 'powershell' for command environment: Not usable outside of PowerShell
[2.166s] DEBUG:colcon.colcon_core.shell:Skip shell extension 'dsv' for command environment
[3.522s] INFO:colcon.colcon_core.task.python.build:Building Python package in '/root/usf_robotics/CIS4900_RoboticNavigator/src/control_room_ui'
[3.530s] INFO:colcon.colcon_core.shell:Skip shell extension 'powershell' for command environment: Not usable outside of PowerShell
[3.531s] DEBUG:colcon.colcon_core.shell:Skip shell extension 'dsv' for command environment
[5.833s] DEBUG:colcon.colcon_core.event_handler.log_command:Invoking command in '/root/usf_robotics/CIS4900_RoboticNavigator/src/build/control_room_ui': PYTHONPATH=/root/usf_robotics/CIS4900_RoboticNavigator/src/build/control_room_ui/prefix_override:/root/usf_robotics/CIS4900_RoboticNavigator/src/install/control_room_ui/lib/python3.8/site-packages:${PYTHONPATH} /usr/bin/python3 setup.py develop --uninstall --editable --build-directory /root/usf_robotics/CIS4900_RoboticNavigator/src/build/control_room_ui/build
[8.152s] DEBUG:colcon.colcon_core.event_handler.log_command:Invoked command in '/root/usf_robotics/CIS4900_RoboticNavigator/src/build/control_room_ui' returned '0': PYTHONPATH=/root/usf_robotics/CIS4900_RoboticNavigator/src/build/control_room_ui/prefix_override:/root/usf_robotics/CIS4900_RoboticNavigator/src/install/control_room_ui/lib/python3.8/site-packages:${PYTHONPATH} /usr/bin/python3 setup.py develop --uninstall --editable --build-directory /root/usf_robotics/CIS4900_RoboticNavigator/src/build/control_room_ui/build
[8.161s] DEBUG:colcon.colcon_core.event_handler.log_command:Invoking command in '/root/usf_robotics/CIS4900_RoboticNavigator/src/control_room_ui': PYTHONPATH=/root/usf_robotics/CIS4900_RoboticNavigator/src/build/control_room_ui/prefix_override:/root/usf_robotics/CIS4900_RoboticNavigator/src/install/control_room_ui/lib/python3.8/site-packages:${PYTHONPATH} /usr/bin/python3 setup.py egg_info --egg-base ../build/control_room_ui build --build-base /root/usf_robotics/CIS4900_RoboticNavigator/src/build/control_room_ui/build install --record /root/usf_robotics/CIS4900_RoboticNavigator/src/build/control_room_ui/install.log --install-scripts $base/lib/control_room_ui --single-version-externally-managed
[9.893s] DEBUG:colcon.colcon_core.event_handler.log_command:Invoked command in '/root/usf_robotics/CIS4900_RoboticNavigator/src/control_room_ui' returned '0': PYTHONPATH=/root/usf_robotics/CIS4900_RoboticNavigator/src/build/control_room_ui/prefix_override:/root/usf_robotics/CIS4900_RoboticNavigator/src/install/control_room_ui/lib/python3.8/site-packages:${PYTHONPATH} /usr/bin/python3 setup.py egg_info --egg-base ../build/control_room_ui build --build-base /root/usf_robotics/CIS4900_RoboticNavigator/src/build/control_room_ui/build install --record /root/usf_robotics/CIS4900_RoboticNavigator/src/build/control_room_ui/install.log --install-scripts $base/lib/control_room_ui --single-version-externally-managed
[9.918s] Level 1:colcon.colcon_core.environment:checking '/root/usf_robotics/CIS4900_RoboticNavigator/src/install/control_room_ui' for CMake module files
[9.920s] Level 1:colcon.colcon_core.environment:checking '/root/usf_robotics/CIS4900_RoboticNavigator/src/install/control_room_ui' for CMake config files
[9.923s] Level 1:colcon.colcon_core.environment:checking '/root/usf_robotics/CIS4900_RoboticNavigator/src/install/control_room_ui/lib'
[9.924s] Level 1:colcon.colcon_core.environment:checking '/root/usf_robotics/CIS4900_RoboticNavigator/src/install/control_room_ui/bin'
[9.924s] Level 1:colcon.colcon_core.environment:checking '/root/usf_robotics/CIS4900_RoboticNavigator/src/install/control_room_ui/lib/pkgconfig/control_room_ui.pc'
[9.925s] Level 1:colcon.colcon_core.environment:checking '/root/usf_robotics/CIS4900_RoboticNavigator/src/install/control_room_ui/lib/python3.8/site-packages'
[9.925s] Level 1:colcon.colcon_core.shell:create_environment_hook('control_room_ui', 'pythonpath')
[9.933s] INFO:colcon.colcon_core.shell:Creating environment hook '/root/usf_robotics/CIS4900_RoboticNavigator/src/install/control_room_ui/share/control_room_ui/hook/pythonpath.ps1'
[9.935s] INFO:colcon.colcon_core.shell:Creating environment descriptor '/root/usf_robotics/CIS4900_RoboticNavigator/src/install/control_room_ui/share/control_room_ui/hook/pythonpath.dsv'
[9.936s] INFO:colcon.colcon_core.shell:Creating environment hook '/root/usf_robotics/CIS4900_RoboticNavigator/src/install/control_room_ui/share/control_room_ui/hook/pythonpath.sh'
[9.939s] Level 1:colcon.colcon_core.environment:checking '/root/usf_robotics/CIS4900_RoboticNavigator/src/install/control_room_ui/bin'
[9.939s] Level 1:colcon.colcon_core.environment:create_environment_scripts_only(control_room_ui)
[9.947s] INFO:colcon.colcon_core.shell:Creating package script '/root/usf_robotics/CIS4900_RoboticNavigator/src/install/control_room_ui/share/control_room_ui/package.ps1'
[9.951s] INFO:colcon.colcon_core.shell:Creating package descriptor '/root/usf_robotics/CIS4900_RoboticNavigator/src/install/control_room_ui/share/control_room_ui/package.dsv'
[9.953s] INFO:colcon.colcon_core.shell:Creating package script '/root/usf_robotics/CIS4900_RoboticNavigator/src/install/control_room_ui/share/control_room_ui/package.sh'
[9.957s] INFO:colcon.colcon_core.shell:Creating package script '/root/usf_robotics/CIS4900_RoboticNavigator/src/install/control_room_ui/share/control_room_ui/package.bash'
[9.960s] INFO:colcon.colcon_core.shell:Creating package script '/root/usf_robotics/CIS4900_RoboticNavigator/src/install/control_room_ui/share/control_room_ui/package.zsh'
[9.963s] Level 1:colcon.colcon_core.environment:create_file_with_runtime_dependencies(/root/usf_robotics/CIS4900_RoboticNavigator/src/install/control_room_ui/share/colcon-core/packages/control_room_ui)
[9.964s] DEBUG:colcon.colcon_parallel_executor.executor.parallel:closing loop
[9.965s] DEBUG:colcon.colcon_parallel_executor.executor.parallel:loop closed
[9.965s] DEBUG:colcon.colcon_parallel_executor.executor.parallel:run_until_complete finished with '0'
[9.965s] DEBUG:colcon.colcon_core.event_reactor:joining thread
[9.991s] INFO:colcon.colcon_core.plugin_system:Skipping extension 'colcon_notification.desktop_notification.notify_send': Could not find 'notify-send'
[9.991s] INFO:colcon.colcon_core.plugin_system:Skipping extension 'colcon_notification.desktop_notification.terminal_notifier': Not used on non-Darwin systems
[9.992s] INFO:colcon.colcon_core.plugin_system:Skipping extension 'colcon_notification.desktop_notification.win32': Not used on non-Windows systems
[9.992s] INFO:colcon.colcon_notification.desktop_notification:Sending desktop notification using 'notify2'
[10.011s] DEBUG:colcon.colcon_notification.desktop_notification.notify2:Failed to initialize notify2: org.freedesktop.DBus.Error.ServiceUnknown: The name org.freedesktop.Notifications was not provided by any .service files
[10.012s] DEBUG:colcon.colcon_core.event_reactor:joined thread
[10.021s] INFO:colcon.colcon_core.shell:Creating prefix script '/root/usf_robotics/CIS4900_RoboticNavigator/src/install/local_setup.ps1'
[10.025s] INFO:colcon.colcon_core.shell:Creating prefix util module '/root/usf_robotics/CIS4900_RoboticNavigator/src/install/_local_setup_util_ps1.py'
[10.031s] INFO:colcon.colcon_core.shell:Creating prefix chain script '/root/usf_robotics/CIS4900_RoboticNavigator/src/install/setup.ps1'
[10.047s] INFO:colcon.colcon_core.shell:Creating prefix script '/root/usf_robotics/CIS4900_RoboticNavigator/src/install/local_setup.sh'
[10.050s] INFO:colcon.colcon_core.shell:Creating prefix util module '/root/usf_robotics/CIS4900_RoboticNavigator/src/install/_local_setup_util_sh.py'
[10.052s] INFO:colcon.colcon_core.shell:Creating prefix chain script '/root/usf_robotics/CIS4900_RoboticNavigator/src/install/setup.sh'
[10.069s] INFO:colcon.colcon_core.shell:Creating prefix script '/root/usf_robotics/CIS4900_RoboticNavigator/src/install/local_setup.bash'
[10.071s] INFO:colcon.colcon_core.shell:Creating prefix chain script '/root/usf_robotics/CIS4900_RoboticNavigator/src/install/setup.bash'
[10.087s] INFO:colcon.colcon_core.shell:Creating prefix script '/root/usf_robotics/CIS4900_RoboticNavigator/src/install/local_setup.zsh'
[10.089s] INFO:colcon.colcon_core.shell:Creating prefix chain script '/root/usf_robotics/CIS4900_RoboticNavigator/src/install/setup.zsh'
