[1.762s] DEBUG:colcon:Command line arguments: ['/usr/bin/colcon', 'build']
[1.763s] DEBUG:colcon:Parsed command line arguments: Namespace(ament_cmake_args=None, base_paths=['.'], build_base='build', catkin_cmake_args=None, catkin_skip_building_tests=False, cmake_args=None, cmake_clean_cache=False, cmake_clean_first=False, cmake_force_configure=False, cmake_target=None, cmake_target_skip_unavailable=False, continue_on_error=False, event_handlers=None, executor='parallel', ignore_user_meta=False, install_base='install', log_base=None, log_level=None, main=<bound method BuildVerb.main of <colcon_core.verb.build.BuildVerb object at 0x7f9ac0d5b0>>, merge_install=False, metas=['./colcon.meta'], mixin=None, mixin_files=None, mixin_verb=('build',), packages_above=None, packages_above_and_dependencies=None, packages_above_depth=None, packages_end=None, packages_ignore=None, packages_ignore_regex=None, packages_select=None, packages_select_build_failed=False, packages_select_by_dep=None, packages_select_regex=None, packages_select_test_failures=False, packages_skip=None, packages_skip_build_finished=False, packages_skip_by_dep=None, packages_skip_regex=None, packages_skip_test_passed=False, packages_skip_up_to=None, packages_start=None, packages_up_to=None, packages_up_to_regex=None, parallel_workers=4, paths=None, symlink_install=False, test_result_base=None, verb_extension=<colcon_core.verb.build.BuildVerb object at 0x7f9ac0d5b0>, verb_name='build', verb_parser=<colcon_mixin.mixin.mixin_argument.MixinArgumentDecorator object at 0x7f9ac0dc10>)
[1.891s] Level 1:colcon.colcon_core.package_discovery:discover_packages(colcon_meta) check parameters
[1.894s] INFO:colcon.colcon_metadata.package_discovery.colcon_meta:Using configuration from '/root/.colcon/metadata/default/Gazebo.meta'
[1.897s] INFO:colcon.colcon_metadata.package_discovery.colcon_meta:Using configuration from '/root/.colcon/metadata/default/fastrtps.meta'
[1.897s] Level 1:colcon.colcon_core.package_discovery:discover_packages(recursive) check parameters
[1.897s] Level 1:colcon.colcon_core.package_discovery:discover_packages(ignore) check parameters
[1.897s] Level 1:colcon.colcon_core.package_discovery:discover_packages(path) check parameters
[1.897s] Level 1:colcon.colcon_core.package_discovery:discover_packages(colcon_meta) discover
[1.898s] Level 1:colcon.colcon_core.package_discovery:discover_packages(recursive) discover
[1.898s] INFO:colcon.colcon_core.package_discovery:Crawling recursively for packages in '/root/usf_robotics/CIS4900_RoboticNavigator/src'
[1.898s] Level 1:colcon.colcon_core.package_identification:_identify(.) by extensions ['ignore', 'ignore_ament_install']
[1.898s] Level 1:colcon.colcon_core.package_identification:_identify(.) by extension 'ignore'
[1.899s] Level 1:colcon.colcon_core.package_identification:_identify(.) by extension 'ignore_ament_install'
[1.899s] Level 1:colcon.colcon_core.package_identification:_identify(.) by extensions ['colcon_pkg']
[1.899s] Level 1:colcon.colcon_core.package_identification:_identify(.) by extension 'colcon_pkg'
[1.899s] Level 1:colcon.colcon_core.package_identification:_identify(.) by extensions ['colcon_meta']
[1.900s] Level 1:colcon.colcon_core.package_identification:_identify(.) by extension 'colcon_meta'
[1.900s] Level 1:colcon.colcon_core.package_identification:_identify(.) by extensions ['ros']
[1.900s] Level 1:colcon.colcon_core.package_identification:_identify(.) by extension 'ros'
[1.990s] Level 1:colcon.colcon_core.package_identification:_identify(.) by extensions ['cmake', 'python']
[1.990s] Level 1:colcon.colcon_core.package_identification:_identify(.) by extension 'cmake'
[1.990s] Level 1:colcon.colcon_core.package_identification:_identify(.) by extension 'python'
[1.990s] Level 1:colcon.colcon_core.package_identification:_identify(.) by extensions ['python_setup_py']
[1.990s] Level 1:colcon.colcon_core.package_identification:_identify(.) by extension 'python_setup_py'
[1.991s] Level 1:colcon.colcon_core.package_identification:_identify(build) by extensions ['ignore', 'ignore_ament_install']
[1.991s] Level 1:colcon.colcon_core.package_identification:_identify(build) by extension 'ignore'
[1.992s] Level 1:colcon.colcon_core.package_identification:_identify(build) ignored
[1.992s] Level 1:colcon.colcon_core.package_identification:_identify(control_room_ui) by extensions ['ignore', 'ignore_ament_install']
[1.992s] Level 1:colcon.colcon_core.package_identification:_identify(control_room_ui) by extension 'ignore'
[1.993s] Level 1:colcon.colcon_core.package_identification:_identify(control_room_ui) by extension 'ignore_ament_install'
[1.993s] Level 1:colcon.colcon_core.package_identification:_identify(control_room_ui) by extensions ['colcon_pkg']
[1.993s] Level 1:colcon.colcon_core.package_identification:_identify(control_room_ui) by extension 'colcon_pkg'
[1.993s] Level 1:colcon.colcon_core.package_identification:_identify(control_room_ui) by extensions ['colcon_meta']
[1.993s] Level 1:colcon.colcon_core.package_identification:_identify(control_room_ui) by extension 'colcon_meta'
[1.994s] Level 1:colcon.colcon_core.package_identification:_identify(control_room_ui) by extensions ['ros']
[1.994s] Level 1:colcon.colcon_core.package_identification:_identify(control_room_ui) by extension 'ros'
[2.003s] DEBUG:colcon.colcon_core.package_identification:Package 'control_room_ui' with type 'ros.ament_python' and name 'control_room_ui'
[2.004s] Level 1:colcon.colcon_core.package_identification:_identify(install) by extensions ['ignore', 'ignore_ament_install']
[2.004s] Level 1:colcon.colcon_core.package_identification:_identify(install) by extension 'ignore'
[2.005s] Level 1:colcon.colcon_core.package_identification:_identify(install) ignored
[2.005s] Level 1:colcon.colcon_core.package_identification:_identify(log) by extensions ['ignore', 'ignore_ament_install']
[2.005s] Level 1:colcon.colcon_core.package_identification:_identify(log) by extension 'ignore'
[2.006s] Level 1:colcon.colcon_core.package_identification:_identify(log) ignored
[2.006s] Level 1:colcon.colcon_core.package_discovery:discover_packages(recursive) using defaults
[2.006s] Level 1:colcon.colcon_core.package_discovery:discover_packages(ignore) discover
[2.006s] Level 1:colcon.colcon_core.package_discovery:discover_packages(ignore) using defaults
[2.006s] Level 1:colcon.colcon_core.package_discovery:discover_packages(path) discover
[2.006s] Level 1:colcon.colcon_core.package_discovery:discover_packages(path) using defaults
[2.109s] Level 5:colcon.colcon_core.verb:set package 'control_room_ui' build argument 'cmake_args' from command line to 'None'
[2.110s] Level 5:colcon.colcon_core.verb:set package 'control_room_ui' build argument 'cmake_target' from command line to 'None'
[2.110s] Level 5:colcon.colcon_core.verb:set package 'control_room_ui' build argument 'cmake_target_skip_unavailable' from command line to 'False'
[2.110s] Level 5:colcon.colcon_core.verb:set package 'control_room_ui' build argument 'cmake_clean_cache' from command line to 'False'
[2.110s] Level 5:colcon.colcon_core.verb:set package 'control_room_ui' build argument 'cmake_clean_first' from command line to 'False'
[2.110s] Level 5:colcon.colcon_core.verb:set package 'control_room_ui' build argument 'cmake_force_configure' from command line to 'False'
[2.110s] Level 5:colcon.colcon_core.verb:set package 'control_room_ui' build argument 'ament_cmake_args' from command line to 'None'
[2.110s] Level 5:colcon.colcon_core.verb:set package 'control_room_ui' build argument 'catkin_cmake_args' from command line to 'None'
[2.110s] Level 5:colcon.colcon_core.verb:set package 'control_room_ui' build argument 'catkin_skip_building_tests' from command line to 'False'
[2.111s] DEBUG:colcon.colcon_core.verb:Building package 'control_room_ui' with the following arguments: {'ament_cmake_args': None, 'build_base': '/root/usf_robotics/CIS4900_RoboticNavigator/src/build/control_room_ui', 'catkin_cmake_args': None, 'catkin_skip_building_tests': False, 'cmake_args': None, 'cmake_clean_cache': False, 'cmake_clean_first': False, 'cmake_force_configure': False, 'cmake_target': None, 'cmake_target_skip_unavailable': False, 'install_base': '/root/usf_robotics/CIS4900_RoboticNavigator/src/install/control_room_ui', 'merge_install': False, 'path': '/root/usf_robotics/CIS4900_RoboticNavigator/src/control_room_ui', 'symlink_install': False, 'test_result_base': None}
[2.115s] INFO:colcon.colcon_core.executor:Executing jobs using 'parallel' executor
[2.132s] DEBUG:colcon.colcon_parallel_executor.executor.parallel:run_until_complete
[2.133s] INFO:colcon.colcon_ros.task.ament_python.build:Building ROS package in '/root/usf_robotics/CIS4900_RoboticNavigator/src/control_room_ui' with build type 'ament_python'
[2.134s] Level 1:colcon.colcon_core.shell:create_environment_hook('control_room_ui', 'ament_prefix_path')
[2.157s] INFO:colcon.colcon_core.plugin_system:Skipping extension 'colcon_core.shell.bat': Not used on non-Windows systems
[2.158s] INFO:colcon.colcon_core.shell:Creating environment hook '/root/usf_robotics/CIS4900_RoboticNavigator/src/install/control_room_ui/share/control_room_ui/hook/ament_prefix_path.ps1'
[2.161s] INFO:colcon.colcon_core.shell:Creating environment descriptor '/root/usf_robotics/CIS4900_RoboticNavigator/src/install/control_room_ui/share/control_room_ui/hook/ament_prefix_path.dsv'
[2.162s] INFO:colcon.colcon_core.shell:Creating environment hook '/root/usf_robotics/CIS4900_RoboticNavigator/src/install/control_room_ui/share/control_room_ui/hook/ament_prefix_path.sh'
[2.172s] INFO:colcon.colcon_core.shell:Skip shell extension 'powershell' for command environment: Not usable outside of PowerShell
[2.173s] DEBUG:colcon.colcon_core.shell:Skip shell extension 'dsv' for command environment
[3.502s] INFO:colcon.colcon_core.task.python.build:Building Python package in '/root/usf_robotics/CIS4900_RoboticNavigator/src/control_room_ui'
[3.510s] INFO:colcon.colcon_core.shell:Skip shell extension 'powershell' for command environment: Not usable outside of PowerShell
[3.510s] DEBUG:colcon.colcon_core.shell:Skip shell extension 'dsv' for command environment
[5.730s] DEBUG:colcon.colcon_core.event_handler.log_command:Invoking command in '/root/usf_robotics/CIS4900_RoboticNavigator/src/control_room_ui': PYTHONPATH=/root/usf_robotics/CIS4900_RoboticNavigator/src/build/control_room_ui/prefix_override:/root/usf_robotics/CIS4900_RoboticNavigator/src/install/control_room_ui/lib/python3.8/site-packages:${PYTHONPATH} /usr/bin/python3 setup.py egg_info --egg-base ../build/control_room_ui build --build-base /root/usf_robotics/CIS4900_RoboticNavigator/src/build/control_room_ui/build install --record /root/usf_robotics/CIS4900_RoboticNavigator/src/build/control_room_ui/install.log --install-scripts $base/lib/control_room_ui --single-version-externally-managed
[7.336s] DEBUG:colcon.colcon_core.event_handler.log_command:Invoked command in '/root/usf_robotics/CIS4900_RoboticNavigator/src/control_room_ui' returned '0': PYTHONPATH=/root/usf_robotics/CIS4900_RoboticNavigator/src/build/control_room_ui/prefix_override:/root/usf_robotics/CIS4900_RoboticNavigator/src/install/control_room_ui/lib/python3.8/site-packages:${PYTHONPATH} /usr/bin/python3 setup.py egg_info --egg-base ../build/control_room_ui build --build-base /root/usf_robotics/CIS4900_RoboticNavigator/src/build/control_room_ui/build install --record /root/usf_robotics/CIS4900_RoboticNavigator/src/build/control_room_ui/install.log --install-scripts $base/lib/control_room_ui --single-version-externally-managed
[7.360s] Level 1:colcon.colcon_core.environment:checking '/root/usf_robotics/CIS4900_RoboticNavigator/src/install/control_room_ui' for CMake module files
[7.363s] Level 1:colcon.colcon_core.environment:checking '/root/usf_robotics/CIS4900_RoboticNavigator/src/install/control_room_ui' for CMake config files
[7.365s] Level 1:colcon.colcon_core.environment:checking '/root/usf_robotics/CIS4900_RoboticNavigator/src/install/control_room_ui/lib'
[7.366s] Level 1:colcon.colcon_core.environment:checking '/root/usf_robotics/CIS4900_RoboticNavigator/src/install/control_room_ui/bin'
[7.366s] Level 1:colcon.colcon_core.environment:checking '/root/usf_robotics/CIS4900_RoboticNavigator/src/install/control_room_ui/lib/pkgconfig/control_room_ui.pc'
[7.367s] Level 1:colcon.colcon_core.environment:checking '/root/usf_robotics/CIS4900_RoboticNavigator/src/install/control_room_ui/lib/python3.8/site-packages'
[7.368s] Level 1:colcon.colcon_core.shell:create_environment_hook('control_room_ui', 'pythonpath')
[7.375s] INFO:colcon.colcon_core.shell:Creating environment hook '/root/usf_robotics/CIS4900_RoboticNavigator/src/install/control_room_ui/share/control_room_ui/hook/pythonpath.ps1'
[7.377s] INFO:colcon.colcon_core.shell:Creating environment descriptor '/root/usf_robotics/CIS4900_RoboticNavigator/src/install/control_room_ui/share/control_room_ui/hook/pythonpath.dsv'
[7.379s] INFO:colcon.colcon_core.shell:Creating environment hook '/root/usf_robotics/CIS4900_RoboticNavigator/src/install/control_room_ui/share/control_room_ui/hook/pythonpath.sh'
[7.381s] Level 1:colcon.colcon_core.environment:checking '/root/usf_robotics/CIS4900_RoboticNavigator/src/install/control_room_ui/bin'
[7.381s] Level 1:colcon.colcon_core.environment:create_environment_scripts_only(control_room_ui)
[7.389s] INFO:colcon.colcon_core.shell:Creating package script '/root/usf_robotics/CIS4900_RoboticNavigator/src/install/control_room_ui/share/control_room_ui/package.ps1'
[7.393s] INFO:colcon.colcon_core.shell:Creating package descriptor '/root/usf_robotics/CIS4900_RoboticNavigator/src/install/control_room_ui/share/control_room_ui/package.dsv'
[7.395s] INFO:colcon.colcon_core.shell:Creating package script '/root/usf_robotics/CIS4900_RoboticNavigator/src/install/control_room_ui/share/control_room_ui/package.sh'
[7.398s] INFO:colcon.colcon_core.shell:Creating package script '/root/usf_robotics/CIS4900_RoboticNavigator/src/install/control_room_ui/share/control_room_ui/package.bash'
[7.401s] INFO:colcon.colcon_core.shell:Creating package script '/root/usf_robotics/CIS4900_RoboticNavigator/src/install/control_room_ui/share/control_room_ui/package.zsh'
[7.403s] Level 1:colcon.colcon_core.environment:create_file_with_runtime_dependencies(/root/usf_robotics/CIS4900_RoboticNavigator/src/install/control_room_ui/share/colcon-core/packages/control_room_ui)
[7.404s] DEBUG:colcon.colcon_parallel_executor.executor.parallel:closing loop
[7.405s] DEBUG:colcon.colcon_parallel_executor.executor.parallel:loop closed
[7.405s] DEBUG:colcon.colcon_parallel_executor.executor.parallel:run_until_complete finished with '0'
[7.406s] DEBUG:colcon.colcon_core.event_reactor:joining thread
[7.432s] INFO:colcon.colcon_core.plugin_system:Skipping extension 'colcon_notification.desktop_notification.notify_send': Could not find 'notify-send'
[7.432s] INFO:colcon.colcon_core.plugin_system:Skipping extension 'colcon_notification.desktop_notification.terminal_notifier': Not used on non-Darwin systems
[7.432s] INFO:colcon.colcon_core.plugin_system:Skipping extension 'colcon_notification.desktop_notification.win32': Not used on non-Windows systems
[7.432s] INFO:colcon.colcon_notification.desktop_notification:Sending desktop notification using 'notify2'
[7.451s] DEBUG:colcon.colcon_notification.desktop_notification.notify2:Failed to initialize notify2: org.freedesktop.DBus.Error.ServiceUnknown: The name org.freedesktop.Notifications was not provided by any .service files
[7.452s] DEBUG:colcon.colcon_core.event_reactor:joined thread
[7.460s] INFO:colcon.colcon_core.shell:Creating prefix script '/root/usf_robotics/CIS4900_RoboticNavigator/src/install/local_setup.ps1'
[7.465s] INFO:colcon.colcon_core.shell:Creating prefix util module '/root/usf_robotics/CIS4900_RoboticNavigator/src/install/_local_setup_util_ps1.py'
[7.471s] INFO:colcon.colcon_core.shell:Creating prefix chain script '/root/usf_robotics/CIS4900_RoboticNavigator/src/install/setup.ps1'
[7.486s] INFO:colcon.colcon_core.shell:Creating prefix script '/root/usf_robotics/CIS4900_RoboticNavigator/src/install/local_setup.sh'
[7.488s] INFO:colcon.colcon_core.shell:Creating prefix util module '/root/usf_robotics/CIS4900_RoboticNavigator/src/install/_local_setup_util_sh.py'
[7.489s] INFO:colcon.colcon_core.shell:Creating prefix chain script '/root/usf_robotics/CIS4900_RoboticNavigator/src/install/setup.sh'
[7.504s] INFO:colcon.colcon_core.shell:Creating prefix script '/root/usf_robotics/CIS4900_RoboticNavigator/src/install/local_setup.bash'
[7.506s] INFO:colcon.colcon_core.shell:Creating prefix chain script '/root/usf_robotics/CIS4900_RoboticNavigator/src/install/setup.bash'
[7.521s] INFO:colcon.colcon_core.shell:Creating prefix script '/root/usf_robotics/CIS4900_RoboticNavigator/src/install/local_setup.zsh'
[7.522s] INFO:colcon.colcon_core.shell:Creating prefix chain script '/root/usf_robotics/CIS4900_RoboticNavigator/src/install/setup.zsh'
