[3.724s] Invoking command in '/root/usf_robotics/CIS4900_RoboticNavigator/src/build/control_room_ui': PYTHONPATH=/root/usf_robotics/CIS4900_RoboticNavigator/src/build/control_room_ui/prefix_override:/root/usf_robotics/CIS4900_RoboticNavigator/src/install/control_room_ui/lib/python3.8/site-packages:${PYTHONPATH} /usr/bin/python3 setup.py develop --uninstall --editable --build-directory /root/usf_robotics/CIS4900_RoboticNavigator/src/build/control_room_ui/build
[5.074s] running develop
[5.816s] Removing /root/usf_robotics/CIS4900_RoboticNavigator/src/install/control_room_ui/lib/python3.8/site-packages/control-room-ui.egg-link (link to .)
[5.925s] Invoked command in '/root/usf_robotics/CIS4900_RoboticNavigator/src/build/control_room_ui' returned '0': PYTHONPATH=/root/usf_robotics/CIS4900_RoboticNavigator/src/build/control_room_ui/prefix_override:/root/usf_robotics/CIS4900_RoboticNavigator/src/install/control_room_ui/lib/python3.8/site-packages:${PYTHONPATH} /usr/bin/python3 setup.py develop --uninstall --editable --build-directory /root/usf_robotics/CIS4900_RoboticNavigator/src/build/control_room_ui/build
[5.933s] Invoking command in '/root/usf_robotics/CIS4900_RoboticNavigator/src/control_room_ui': PYTHONPATH=/root/usf_robotics/CIS4900_RoboticNavigator/src/build/control_room_ui/prefix_override:/root/usf_robotics/CIS4900_RoboticNavigator/src/install/control_room_ui/lib/python3.8/site-packages:${PYTHONPATH} /usr/bin/python3 setup.py egg_info --egg-base ../build/control_room_ui build --build-base /root/usf_robotics/CIS4900_RoboticNavigator/src/build/control_room_ui/build install --record /root/usf_robotics/CIS4900_RoboticNavigator/src/build/control_room_ui/install.log --install-scripts $base/lib/control_room_ui --single-version-externally-managed
[7.171s] running egg_info
[7.175s] writing ../build/control_room_ui/control_room_ui.egg-info/PKG-INFO
[7.175s] writing dependency_links to ../build/control_room_ui/control_room_ui.egg-info/dependency_links.txt
[7.176s] writing entry points to ../build/control_room_ui/control_room_ui.egg-info/entry_points.txt
[7.177s] writing requirements to ../build/control_room_ui/control_room_ui.egg-info/requires.txt
[7.177s] writing top-level names to ../build/control_room_ui/control_room_ui.egg-info/top_level.txt
[7.341s] reading manifest file '../build/control_room_ui/control_room_ui.egg-info/SOURCES.txt'
[7.345s] writing manifest file '../build/control_room_ui/control_room_ui.egg-info/SOURCES.txt'
[7.345s] running build
[7.345s] running build_py
[7.346s] running install
[7.350s] running install_lib
[7.355s] creating /root/usf_robotics/CIS4900_RoboticNavigator/src/install/control_room_ui/lib/python3.8/site-packages/control_room_ui
[7.355s] copying /root/usf_robotics/CIS4900_RoboticNavigator/src/build/control_room_ui/build/lib/control_room_ui/__init__.py -> /root/usf_robotics/CIS4900_RoboticNavigator/src/install/control_room_ui/lib/python3.8/site-packages/control_room_ui
[7.356s] copying /root/usf_robotics/CIS4900_RoboticNavigator/src/build/control_room_ui/build/lib/control_room_ui/flask_server.py -> /root/usf_robotics/CIS4900_RoboticNavigator/src/install/control_room_ui/lib/python3.8/site-packages/control_room_ui
[7.358s] byte-compiling /root/usf_robotics/CIS4900_RoboticNavigator/src/install/control_room_ui/lib/python3.8/site-packages/control_room_ui/__init__.py to __init__.cpython-38.pyc
[7.364s] byte-compiling /root/usf_robotics/CIS4900_RoboticNavigator/src/install/control_room_ui/lib/python3.8/site-packages/control_room_ui/flask_server.py to flask_server.cpython-38.pyc
[7.365s] running install_data
[7.368s] copying package.xml -> /root/usf_robotics/CIS4900_RoboticNavigator/src/install/control_room_ui/share/control_room_ui
[7.368s] running install_egg_info
[7.378s] Copying ../build/control_room_ui/control_room_ui.egg-info to /root/usf_robotics/CIS4900_RoboticNavigator/src/install/control_room_ui/lib/python3.8/site-packages/control_room_ui-0.0.0-py3.8.egg-info
[7.381s] running install_scripts
[7.454s] Installing flask_server script to /root/usf_robotics/CIS4900_RoboticNavigator/src/install/control_room_ui/lib/control_room_ui
[7.455s] writing list of installed files to '/root/usf_robotics/CIS4900_RoboticNavigator/src/build/control_room_ui/install.log'
[7.557s] Invoked command in '/root/usf_robotics/CIS4900_RoboticNavigator/src/control_room_ui' returned '0': PYTHONPATH=/root/usf_robotics/CIS4900_RoboticNavigator/src/build/control_room_ui/prefix_override:/root/usf_robotics/CIS4900_RoboticNavigator/src/install/control_room_ui/lib/python3.8/site-packages:${PYTHONPATH} /usr/bin/python3 setup.py egg_info --egg-base ../build/control_room_ui build --build-base /root/usf_robotics/CIS4900_RoboticNavigator/src/build/control_room_ui/build install --record /root/usf_robotics/CIS4900_RoboticNavigator/src/build/control_room_ui/install.log --install-scripts $base/lib/control_room_ui --single-version-externally-managed
