running develop
running egg_info
writing ../build/control_room_ui/control_room_ui.egg-info/PKG-INFO
writing dependency_links to ../build/control_room_ui/control_room_ui.egg-info/dependency_links.txt
writing entry points to ../build/control_room_ui/control_room_ui.egg-info/entry_points.txt
writing requirements to ../build/control_room_ui/control_room_ui.egg-info/requires.txt
writing top-level names to ../build/control_room_ui/control_room_ui.egg-info/top_level.txt
reading manifest file '../build/control_room_ui/control_room_ui.egg-info/SOURCES.txt'
writing manifest file '../build/control_room_ui/control_room_ui.egg-info/SOURCES.txt'
running build
running build_py
copying control_room_ui/test_std_msgs.py -> /root/usf_robotics/CIS4900_RoboticNavigator/src/build/control_room_ui/build/lib/control_room_ui
running install
running install_lib
copying /root/usf_robotics/CIS4900_RoboticNavigator/src/build/control_room_ui/build/lib/control_room_ui/test_std_msgs.py -> /root/usf_robotics/CIS4900_RoboticNavigator/src/install/control_room_ui/lib/python3.8/site-packages/control_room_ui
byte-compiling /root/usf_robotics/CIS4900_RoboticNavigator/src/install/control_room_ui/lib/python3.8/site-packages/control_room_ui/test_std_msgs.py to test_std_msgs.cpython-38.pyc
running install_data
running install_egg_info
removing '/root/usf_robotics/CIS4900_RoboticNavigator/src/install/control_room_ui/lib/python3.8/site-packages/control_room_ui-0.0.0-py3.8.egg-info' (and everything under it)
Copying ../build/control_room_ui/control_room_ui.egg-info to /root/usf_robotics/CIS4900_RoboticNavigator/src/install/control_room_ui/lib/python3.8/site-packages/control_room_ui-0.0.0-py3.8.egg-info
running install_scripts
Installing flask_server script to /root/usf_robotics/CIS4900_RoboticNavigator/src/install/control_room_ui/lib/control_room_ui
Installing test_std_msgs script to /root/usf_robotics/CIS4900_RoboticNavigator/src/install/control_room_ui/lib/control_room_ui
writing list of installed files to '/root/usf_robotics/CIS4900_RoboticNavigator/src/build/control_room_ui/install.log'
