[3.661s] Invoking command in '/root/usf_robotics/CIS4900_RoboticNavigator/src/build/control_room_ui': PYTHONPATH=/root/usf_robotics/CIS4900_RoboticNavigator/src/build/control_room_ui/prefix_override:/root/usf_robotics/CIS4900_RoboticNavigator/src/install/control_room_ui/lib/python3.8/site-packages:${PYTHONPATH} /usr/bin/python3 setup.py develop --uninstall --editable --build-directory /root/usf_robotics/CIS4900_RoboticNavigator/src/build/control_room_ui/build
[4.995s] running develop
[5.838s] Invoked command in '/root/usf_robotics/CIS4900_RoboticNavigator/src/build/control_room_ui' returned '0': PYTHONPATH=/root/usf_robotics/CIS4900_RoboticNavigator/src/build/control_room_ui/prefix_override:/root/usf_robotics/CIS4900_RoboticNavigator/src/install/control_room_ui/lib/python3.8/site-packages:${PYTHONPATH} /usr/bin/python3 setup.py develop --uninstall --editable --build-directory /root/usf_robotics/CIS4900_RoboticNavigator/src/build/control_room_ui/build
[5.842s] Invoking command in '/root/usf_robotics/CIS4900_RoboticNavigator/src/control_room_ui': PYTHONPATH=/root/usf_robotics/CIS4900_RoboticNavigator/src/build/control_room_ui/prefix_override:/root/usf_robotics/CIS4900_RoboticNavigator/src/install/control_room_ui/lib/python3.8/site-packages:${PYTHONPATH} /usr/bin/python3 setup.py egg_info --egg-base ../build/control_room_ui build --build-base /root/usf_robotics/CIS4900_RoboticNavigator/src/build/control_room_ui/build install --record /root/usf_robotics/CIS4900_RoboticNavigator/src/build/control_room_ui/install.log --install-scripts $base/lib/control_room_ui --single-version-externally-managed
[7.090s] running egg_info
[7.093s] writing ../build/control_room_ui/control_room_ui.egg-info/PKG-INFO
[7.093s] writing dependency_links to ../build/control_room_ui/control_room_ui.egg-info/dependency_links.txt
[7.094s] writing entry points to ../build/control_room_ui/control_room_ui.egg-info/entry_points.txt
[7.095s] writing requirements to ../build/control_room_ui/control_room_ui.egg-info/requires.txt
[7.095s] writing top-level names to ../build/control_room_ui/control_room_ui.egg-info/top_level.txt
[7.266s] reading manifest file '../build/control_room_ui/control_room_ui.egg-info/SOURCES.txt'
[7.270s] writing manifest file '../build/control_room_ui/control_room_ui.egg-info/SOURCES.txt'
[7.271s] running build
[7.271s] running build_py
[7.272s] copying control_room_ui/test_std_msgs.py -> /root/usf_robotics/CIS4900_RoboticNavigator/src/build/control_room_ui/build/lib/control_room_ui
[7.273s] running install
[7.277s] running install_lib
[7.281s] copying /root/usf_robotics/CIS4900_RoboticNavigator/src/build/control_room_ui/build/lib/control_room_ui/test_std_msgs.py -> /root/usf_robotics/CIS4900_RoboticNavigator/src/install/control_room_ui/lib/python3.8/site-packages/control_room_ui
[7.285s] byte-compiling /root/usf_robotics/CIS4900_RoboticNavigator/src/install/control_room_ui/lib/python3.8/site-packages/control_room_ui/std_msg_test.py to std_msg_test.cpython-38.pyc
[7.291s] byte-compiling /root/usf_robotics/CIS4900_RoboticNavigator/src/install/control_room_ui/lib/python3.8/site-packages/control_room_ui/test_std_msgs.py to test_std_msgs.cpython-38.pyc
[7.292s] byte-compiling /root/usf_robotics/CIS4900_RoboticNavigator/src/install/control_room_ui/lib/python3.8/site-packages/control_room_ui/flask_server.py to flask_server.cpython-38.pyc
[7.294s] running install_data
[7.297s] running install_egg_info
[7.304s] removing '/root/usf_robotics/CIS4900_RoboticNavigator/src/install/control_room_ui/lib/python3.8/site-packages/control_room_ui-0.0.0-py3.8.egg-info' (and everything under it)
[7.305s] Copying ../build/control_room_ui/control_room_ui.egg-info to /root/usf_robotics/CIS4900_RoboticNavigator/src/install/control_room_ui/lib/python3.8/site-packages/control_room_ui-0.0.0-py3.8.egg-info
[7.309s] running install_scripts
[7.387s] Installing flask_server script to /root/usf_robotics/CIS4900_RoboticNavigator/src/install/control_room_ui/lib/control_room_ui
[7.388s] Installing test_std_msgs script to /root/usf_robotics/CIS4900_RoboticNavigator/src/install/control_room_ui/lib/control_room_ui
[7.389s] writing list of installed files to '/root/usf_robotics/CIS4900_RoboticNavigator/src/build/control_room_ui/install.log'
[7.492s] Invoked command in '/root/usf_robotics/CIS4900_RoboticNavigator/src/control_room_ui' returned '0': PYTHONPATH=/root/usf_robotics/CIS4900_RoboticNavigator/src/build/control_room_ui/prefix_override:/root/usf_robotics/CIS4900_RoboticNavigator/src/install/control_room_ui/lib/python3.8/site-packages:${PYTHONPATH} /usr/bin/python3 setup.py egg_info --egg-base ../build/control_room_ui build --build-base /root/usf_robotics/CIS4900_RoboticNavigator/src/build/control_room_ui/build install --record /root/usf_robotics/CIS4900_RoboticNavigator/src/build/control_room_ui/install.log --install-scripts $base/lib/control_room_ui --single-version-externally-managed
