[3.622s] Invoking command in '/root/usf_robotics/CIS4900_RoboticNavigator/src/build/control_room_ui': PYTHONPATH=/root/usf_robotics/CIS4900_RoboticNavigator/src/build/control_room_ui/prefix_override:/root/usf_robotics/CIS4900_RoboticNavigator/src/install/control_room_ui/lib/python3.8/site-packages:${PYTHONPATH} /usr/bin/python3 setup.py develop --uninstall --editable --build-directory /root/usf_robotics/CIS4900_RoboticNavigator/src/build/control_room_ui/build
[4.936s] running develop
[5.813s] Invoked command in '/root/usf_robotics/CIS4900_RoboticNavigator/src/build/control_room_ui' returned '0': PYTHONPATH=/root/usf_robotics/CIS4900_RoboticNavigator/src/build/control_room_ui/prefix_override:/root/usf_robotics/CIS4900_RoboticNavigator/src/install/control_room_ui/lib/python3.8/site-packages:${PYTHONPATH} /usr/bin/python3 setup.py develop --uninstall --editable --build-directory /root/usf_robotics/CIS4900_RoboticNavigator/src/build/control_room_ui/build
[5.822s] Invoking command in '/root/usf_robotics/CIS4900_RoboticNavigator/src/control_room_ui': PYTHONPATH=/root/usf_robotics/CIS4900_RoboticNavigator/src/build/control_room_ui/prefix_override:/root/usf_robotics/CIS4900_RoboticNavigator/src/install/control_room_ui/lib/python3.8/site-packages:${PYTHONPATH} /usr/bin/python3 setup.py egg_info --egg-base ../build/control_room_ui build --build-base /root/usf_robotics/CIS4900_RoboticNavigator/src/build/control_room_ui/build install --record /root/usf_robotics/CIS4900_RoboticNavigator/src/build/control_room_ui/install.log --install-scripts $base/lib/control_room_ui --single-version-externally-managed
[7.042s] running egg_info
[7.045s] writing ../build/control_room_ui/control_room_ui.egg-info/PKG-INFO
[7.046s] writing dependency_links to ../build/control_room_ui/control_room_ui.egg-info/dependency_links.txt
[7.047s] writing entry points to ../build/control_room_ui/control_room_ui.egg-info/entry_points.txt
[7.047s] writing requirements to ../build/control_room_ui/control_room_ui.egg-info/requires.txt
[7.048s] writing top-level names to ../build/control_room_ui/control_room_ui.egg-info/top_level.txt
[7.215s] reading manifest file '../build/control_room_ui/control_room_ui.egg-info/SOURCES.txt'
[7.220s] writing manifest file '../build/control_room_ui/control_room_ui.egg-info/SOURCES.txt'
[7.220s] running build
[7.220s] running build_py
[7.221s] copying control_room_ui/flask_server.py -> /root/usf_robotics/CIS4900_RoboticNavigator/src/build/control_room_ui/build/lib/control_room_ui
[7.223s] running install
[7.228s] running install_lib
[7.233s] copying /root/usf_robotics/CIS4900_RoboticNavigator/src/build/control_room_ui/build/lib/control_room_ui/flask_server.py -> /root/usf_robotics/CIS4900_RoboticNavigator/src/install/control_room_ui/lib/python3.8/site-packages/control_room_ui
[7.236s] byte-compiling /root/usf_robotics/CIS4900_RoboticNavigator/src/install/control_room_ui/lib/python3.8/site-packages/control_room_ui/flask_server.py to flask_server.cpython-38.pyc
[7.242s] running install_data
[7.245s] running install_egg_info
[7.252s] removing '/root/usf_robotics/CIS4900_RoboticNavigator/src/install/control_room_ui/lib/python3.8/site-packages/control_room_ui-0.0.0-py3.8.egg-info' (and everything under it)
[7.253s] Copying ../build/control_room_ui/control_room_ui.egg-info to /root/usf_robotics/CIS4900_RoboticNavigator/src/install/control_room_ui/lib/python3.8/site-packages/control_room_ui-0.0.0-py3.8.egg-info
[7.257s] running install_scripts
[7.332s] Installing flask_server script to /root/usf_robotics/CIS4900_RoboticNavigator/src/install/control_room_ui/lib/control_room_ui
[7.333s] Installing test_std_msgs script to /root/usf_robotics/CIS4900_RoboticNavigator/src/install/control_room_ui/lib/control_room_ui
[7.334s] writing list of installed files to '/root/usf_robotics/CIS4900_RoboticNavigator/src/build/control_room_ui/install.log'
[7.439s] Invoked command in '/root/usf_robotics/CIS4900_RoboticNavigator/src/control_room_ui' returned '0': PYTHONPATH=/root/usf_robotics/CIS4900_RoboticNavigator/src/build/control_room_ui/prefix_override:/root/usf_robotics/CIS4900_RoboticNavigator/src/install/control_room_ui/lib/python3.8/site-packages:${PYTHONPATH} /usr/bin/python3 setup.py egg_info --egg-base ../build/control_room_ui build --build-base /root/usf_robotics/CIS4900_RoboticNavigator/src/build/control_room_ui/build install --record /root/usf_robotics/CIS4900_RoboticNavigator/src/build/control_room_ui/install.log --install-scripts $base/lib/control_room_ui --single-version-externally-managed
