[1.771s] DEBUG:colcon:Command line arguments: ['/usr/bin/colcon', 'build', '--packages-select', 'control_room_ui']
[1.771s] DEBUG:colcon:Parsed command line arguments: Namespace(ament_cmake_args=None, base_paths=['.'], build_base='build', catkin_cmake_args=None, catkin_skip_building_tests=False, cmake_args=None, cmake_clean_cache=False, cmake_clean_first=False, cmake_force_configure=False, cmake_target=None, cmake_target_skip_unavailable=False, continue_on_error=False, event_handlers=None, executor='parallel', ignore_user_meta=False, install_base='install', log_base=None, log_level=None, main=<bound method BuildVerb.main of <colcon_core.verb.build.BuildVerb object at 0x7f821b5310>>, merge_install=False, metas=['./colcon.meta'], mixin=None, mixin_files=None, mixin_verb=('build',), packages_above=None, packages_above_and_dependencies=None, packages_above_depth=None, packages_end=None, packages_ignore=None, packages_ignore_regex=None, packages_select=['control_room_ui'], packages_select_build_failed=False, packages_select_by_dep=None, packages_select_regex=None, packages_select_test_failures=False, packages_skip=None, packages_skip_build_finished=False, packages_skip_by_dep=None, packages_skip_regex=None, packages_skip_test_passed=False, packages_skip_up_to=None, packages_start=None, packages_up_to=None, packages_up_to_regex=None, parallel_workers=4, paths=None, symlink_install=False, test_result_base=None, verb_extension=<colcon_core.verb.build.BuildVerb object at 0x7f821b5310>, verb_name='build', verb_parser=<colcon_mixin.mixin.mixin_argument.MixinArgumentDecorator object at 0x7f821b5970>)
[1.908s] Level 1:colcon.colcon_core.package_discovery:discover_packages(colcon_meta) check parameters
[1.912s] INFO:colcon.colcon_metadata.package_discovery.colcon_meta:Using configuration from '/root/.colcon/metadata/default/Gazebo.meta'
[1.914s] INFO:colcon.colcon_metadata.package_discovery.colcon_meta:Using configuration from '/root/.colcon/metadata/default/fastrtps.meta'
[1.914s] Level 1:colcon.colcon_core.package_discovery:discover_packages(recursive) check parameters
[1.914s] Level 1:colcon.colcon_core.package_discovery:discover_packages(ignore) check parameters
[1.914s] Level 1:colcon.colcon_core.package_discovery:discover_packages(path) check parameters
[1.915s] Level 1:colcon.colcon_core.package_discovery:discover_packages(colcon_meta) discover
[1.915s] Level 1:colcon.colcon_core.package_discovery:discover_packages(recursive) discover
[1.915s] INFO:colcon.colcon_core.package_discovery:Crawling recursively for packages in '/root/usf_robotics/CIS4900_RoboticNavigator/src'
[1.915s] Level 1:colcon.colcon_core.package_identification:_identify(.) by extensions ['ignore', 'ignore_ament_install']
[1.916s] Level 1:colcon.colcon_core.package_identification:_identify(.) by extension 'ignore'
[1.916s] Level 1:colcon.colcon_core.package_identification:_identify(.) by extension 'ignore_ament_install'
[1.916s] Level 1:colcon.colcon_core.package_identification:_identify(.) by extensions ['colcon_pkg']
[1.916s] Level 1:colcon.colcon_core.package_identification:_identify(.) by extension 'colcon_pkg'
[1.917s] Level 1:colcon.colcon_core.package_identification:_identify(.) by extensions ['colcon_meta']
[1.917s] Level 1:colcon.colcon_core.package_identification:_identify(.) by extension 'colcon_meta'
[1.917s] Level 1:colcon.colcon_core.package_identification:_identify(.) by extensions ['ros']
[1.917s] Level 1:colcon.colcon_core.package_identification:_identify(.) by extension 'ros'
[2.006s] Level 1:colcon.colcon_core.package_identification:_identify(.) by extensions ['cmake', 'python']
[2.006s] Level 1:colcon.colcon_core.package_identification:_identify(.) by extension 'cmake'
[2.006s] Level 1:colcon.colcon_core.package_identification:_identify(.) by extension 'python'
[2.006s] Level 1:colcon.colcon_core.package_identification:_identify(.) by extensions ['python_setup_py']
[2.007s] Level 1:colcon.colcon_core.package_identification:_identify(.) by extension 'python_setup_py'
[2.007s] Level 1:colcon.colcon_core.package_identification:_identify(build) by extensions ['ignore', 'ignore_ament_install']
[2.007s] Level 1:colcon.colcon_core.package_identification:_identify(build) by extension 'ignore'
[2.008s] Level 1:colcon.colcon_core.package_identification:_identify(build) ignored
[2.008s] Level 1:colcon.colcon_core.package_identification:_identify(control_room_ui) by extensions ['ignore', 'ignore_ament_install']
[2.009s] Level 1:colcon.colcon_core.package_identification:_identify(control_room_ui) by extension 'ignore'
[2.009s] Level 1:colcon.colcon_core.package_identification:_identify(control_room_ui) by extension 'ignore_ament_install'
[2.010s] Level 1:colcon.colcon_core.package_identification:_identify(control_room_ui) by extensions ['colcon_pkg']
[2.010s] Level 1:colcon.colcon_core.package_identification:_identify(control_room_ui) by extension 'colcon_pkg'
[2.010s] Level 1:colcon.colcon_core.package_identification:_identify(control_room_ui) by extensions ['colcon_meta']
[2.010s] Level 1:colcon.colcon_core.package_identification:_identify(control_room_ui) by extension 'colcon_meta'
[2.011s] Level 1:colcon.colcon_core.package_identification:_identify(control_room_ui) by extensions ['ros']
[2.011s] Level 1:colcon.colcon_core.package_identification:_identify(control_room_ui) by extension 'ros'
[2.021s] DEBUG:colcon.colcon_core.package_identification:Package 'control_room_ui' with type 'ros.ament_python' and name 'control_room_ui'
[2.022s] Level 1:colcon.colcon_core.package_identification:_identify(install) by extensions ['ignore', 'ignore_ament_install']
[2.022s] Level 1:colcon.colcon_core.package_identification:_identify(install) by extension 'ignore'
[2.023s] Level 1:colcon.colcon_core.package_identification:_identify(install) ignored
[2.023s] Level 1:colcon.colcon_core.package_identification:_identify(log) by extensions ['ignore', 'ignore_ament_install']
[2.023s] Level 1:colcon.colcon_core.package_identification:_identify(log) by extension 'ignore'
[2.024s] Level 1:colcon.colcon_core.package_identification:_identify(log) ignored
[2.024s] Level 1:colcon.colcon_core.package_discovery:discover_packages(recursive) using defaults
[2.024s] Level 1:colcon.colcon_core.package_discovery:discover_packages(ignore) discover
[2.024s] Level 1:colcon.colcon_core.package_discovery:discover_packages(ignore) using defaults
[2.024s] Level 1:colcon.colcon_core.package_discovery:discover_packages(path) discover
[2.024s] Level 1:colcon.colcon_core.package_discovery:discover_packages(path) using defaults
[2.128s] Level 5:colcon.colcon_core.verb:set package 'control_room_ui' build argument 'cmake_args' from command line to 'None'
[2.128s] Level 5:colcon.colcon_core.verb:set package 'control_room_ui' build argument 'cmake_target' from command line to 'None'
[2.128s] Level 5:colcon.colcon_core.verb:set package 'control_room_ui' build argument 'cmake_target_skip_unavailable' from command line to 'False'
[2.129s] Level 5:colcon.colcon_core.verb:set package 'control_room_ui' build argument 'cmake_clean_cache' from command line to 'False'
[2.129s] Level 5:colcon.colcon_core.verb:set package 'control_room_ui' build argument 'cmake_clean_first' from command line to 'False'
[2.129s] Level 5:colcon.colcon_core.verb:set package 'control_room_ui' build argument 'cmake_force_configure' from command line to 'False'
[2.129s] Level 5:colcon.colcon_core.verb:set package 'control_room_ui' build argument 'ament_cmake_args' from command line to 'None'
[2.129s] Level 5:colcon.colcon_core.verb:set package 'control_room_ui' build argument 'catkin_cmake_args' from command line to 'None'
[2.129s] Level 5:colcon.colcon_core.verb:set package 'control_room_ui' build argument 'catkin_skip_building_tests' from command line to 'False'
[2.129s] DEBUG:colcon.colcon_core.verb:Building package 'control_room_ui' with the following arguments: {'ament_cmake_args': None, 'build_base': '/root/usf_robotics/CIS4900_RoboticNavigator/src/build/control_room_ui', 'catkin_cmake_args': None, 'catkin_skip_building_tests': False, 'cmake_args': None, 'cmake_clean_cache': False, 'cmake_clean_first': False, 'cmake_force_configure': False, 'cmake_target': None, 'cmake_target_skip_unavailable': False, 'install_base': '/root/usf_robotics/CIS4900_RoboticNavigator/src/install/control_room_ui', 'merge_install': False, 'path': '/root/usf_robotics/CIS4900_RoboticNavigator/src/control_room_ui', 'symlink_install': False, 'test_result_base': None}
[2.133s] INFO:colcon.colcon_core.executor:Executing jobs using 'parallel' executor
[2.150s] DEBUG:colcon.colcon_parallel_executor.executor.parallel:run_until_complete
[2.151s] INFO:colcon.colcon_ros.task.ament_python.build:Building ROS package in '/root/usf_robotics/CIS4900_RoboticNavigator/src/control_room_ui' with build type 'ament_python'
[2.151s] Level 1:colcon.colcon_core.shell:create_environment_hook('control_room_ui', 'ament_prefix_path')
[2.175s] INFO:colcon.colcon_core.plugin_system:Skipping extension 'colcon_core.shell.bat': Not used on non-Windows systems
[2.176s] INFO:colcon.colcon_core.shell:Creating environment hook '/root/usf_robotics/CIS4900_RoboticNavigator/src/install/control_room_ui/share/control_room_ui/hook/ament_prefix_path.ps1'
[2.178s] INFO:colcon.colcon_core.shell:Creating environment descriptor '/root/usf_robotics/CIS4900_RoboticNavigator/src/install/control_room_ui/share/control_room_ui/hook/ament_prefix_path.dsv'
[2.180s] INFO:colcon.colcon_core.shell:Creating environment hook '/root/usf_robotics/CIS4900_RoboticNavigator/src/install/control_room_ui/share/control_room_ui/hook/ament_prefix_path.sh'
[2.190s] INFO:colcon.colcon_core.shell:Skip shell extension 'powershell' for command environment: Not usable outside of PowerShell
[2.190s] DEBUG:colcon.colcon_core.shell:Skip shell extension 'dsv' for command environment
[3.542s] INFO:colcon.colcon_core.task.python.build:Building Python package in '/root/usf_robotics/CIS4900_RoboticNavigator/src/control_room_ui'
[3.551s] INFO:colcon.colcon_core.shell:Skip shell extension 'powershell' for command environment: Not usable outside of PowerShell
[3.551s] DEBUG:colcon.colcon_core.shell:Skip shell extension 'dsv' for command environment
[5.797s] DEBUG:colcon.colcon_core.event_handler.log_command:Invoking command in '/root/usf_robotics/CIS4900_RoboticNavigator/src/build/control_room_ui': PYTHONPATH=/root/usf_robotics/CIS4900_RoboticNavigator/src/build/control_room_ui/prefix_override:/root/usf_robotics/CIS4900_RoboticNavigator/src/install/control_room_ui/lib/python3.8/site-packages:${PYTHONPATH} /usr/bin/python3 setup.py develop --uninstall --editable --build-directory /root/usf_robotics/CIS4900_RoboticNavigator/src/build/control_room_ui/build
[7.979s] DEBUG:colcon.colcon_core.event_handler.log_command:Invoked command in '/root/usf_robotics/CIS4900_RoboticNavigator/src/build/control_room_ui' returned '0': PYTHONPATH=/root/usf_robotics/CIS4900_RoboticNavigator/src/build/control_room_ui/prefix_override:/root/usf_robotics/CIS4900_RoboticNavigator/src/install/control_room_ui/lib/python3.8/site-packages:${PYTHONPATH} /usr/bin/python3 setup.py develop --uninstall --editable --build-directory /root/usf_robotics/CIS4900_RoboticNavigator/src/build/control_room_ui/build
[7.988s] DEBUG:colcon.colcon_core.event_handler.log_command:Invoking command in '/root/usf_robotics/CIS4900_RoboticNavigator/src/control_room_ui': PYTHONPATH=/root/usf_robotics/CIS4900_RoboticNavigator/src/build/control_room_ui/prefix_override:/root/usf_robotics/CIS4900_RoboticNavigator/src/install/control_room_ui/lib/python3.8/site-packages:${PYTHONPATH} /usr/bin/python3 setup.py egg_info --egg-base ../build/control_room_ui build --build-base /root/usf_robotics/CIS4900_RoboticNavigator/src/build/control_room_ui/build install --record /root/usf_robotics/CIS4900_RoboticNavigator/src/build/control_room_ui/install.log --install-scripts $base/lib/control_room_ui --single-version-externally-managed
[9.625s] DEBUG:colcon.colcon_core.event_handler.log_command:Invoked command in '/root/usf_robotics/CIS4900_RoboticNavigator/src/control_room_ui' returned '0': PYTHONPATH=/root/usf_robotics/CIS4900_RoboticNavigator/src/build/control_room_ui/prefix_override:/root/usf_robotics/CIS4900_RoboticNavigator/src/install/control_room_ui/lib/python3.8/site-packages:${PYTHONPATH} /usr/bin/python3 setup.py egg_info --egg-base ../build/control_room_ui build --build-base /root/usf_robotics/CIS4900_RoboticNavigator/src/build/control_room_ui/build install --record /root/usf_robotics/CIS4900_RoboticNavigator/src/build/control_room_ui/install.log --install-scripts $base/lib/control_room_ui --single-version-externally-managed
[9.645s] Level 1:colcon.colcon_core.environment:checking '/root/usf_robotics/CIS4900_RoboticNavigator/src/install/control_room_ui' for CMake module files
[9.648s] Level 1:colcon.colcon_core.environment:checking '/root/usf_robotics/CIS4900_RoboticNavigator/src/install/control_room_ui' for CMake config files
[9.651s] Level 1:colcon.colcon_core.environment:checking '/root/usf_robotics/CIS4900_RoboticNavigator/src/install/control_room_ui/lib'
[9.652s] Level 1:colcon.colcon_core.environment:checking '/root/usf_robotics/CIS4900_RoboticNavigator/src/install/control_room_ui/bin'
[9.652s] Level 1:colcon.colcon_core.environment:checking '/root/usf_robotics/CIS4900_RoboticNavigator/src/install/control_room_ui/lib/pkgconfig/control_room_ui.pc'
[9.653s] Level 1:colcon.colcon_core.environment:checking '/root/usf_robotics/CIS4900_RoboticNavigator/src/install/control_room_ui/lib/python3.8/site-packages'
[9.653s] Level 1:colcon.colcon_core.shell:create_environment_hook('control_room_ui', 'pythonpath')
[9.661s] INFO:colcon.colcon_core.shell:Creating environment hook '/root/usf_robotics/CIS4900_RoboticNavigator/src/install/control_room_ui/share/control_room_ui/hook/pythonpath.ps1'
[9.663s] INFO:colcon.colcon_core.shell:Creating environment descriptor '/root/usf_robotics/CIS4900_RoboticNavigator/src/install/control_room_ui/share/control_room_ui/hook/pythonpath.dsv'
[9.665s] INFO:colcon.colcon_core.shell:Creating environment hook '/root/usf_robotics/CIS4900_RoboticNavigator/src/install/control_room_ui/share/control_room_ui/hook/pythonpath.sh'
[9.667s] Level 1:colcon.colcon_core.environment:checking '/root/usf_robotics/CIS4900_RoboticNavigator/src/install/control_room_ui/bin'
[9.668s] Level 1:colcon.colcon_core.environment:create_environment_scripts_only(control_room_ui)
[9.676s] INFO:colcon.colcon_core.shell:Creating package script '/root/usf_robotics/CIS4900_RoboticNavigator/src/install/control_room_ui/share/control_room_ui/package.ps1'
[9.679s] INFO:colcon.colcon_core.shell:Creating package descriptor '/root/usf_robotics/CIS4900_RoboticNavigator/src/install/control_room_ui/share/control_room_ui/package.dsv'
[9.682s] INFO:colcon.colcon_core.shell:Creating package script '/root/usf_robotics/CIS4900_RoboticNavigator/src/install/control_room_ui/share/control_room_ui/package.sh'
[9.685s] INFO:colcon.colcon_core.shell:Creating package script '/root/usf_robotics/CIS4900_RoboticNavigator/src/install/control_room_ui/share/control_room_ui/package.bash'
[9.688s] INFO:colcon.colcon_core.shell:Creating package script '/root/usf_robotics/CIS4900_RoboticNavigator/src/install/control_room_ui/share/control_room_ui/package.zsh'
[9.691s] Level 1:colcon.colcon_core.environment:create_file_with_runtime_dependencies(/root/usf_robotics/CIS4900_RoboticNavigator/src/install/control_room_ui/share/colcon-core/packages/control_room_ui)
[9.692s] DEBUG:colcon.colcon_parallel_executor.executor.parallel:closing loop
[9.693s] DEBUG:colcon.colcon_parallel_executor.executor.parallel:loop closed
[9.693s] DEBUG:colcon.colcon_parallel_executor.executor.parallel:run_until_complete finished with '0'
[9.694s] DEBUG:colcon.colcon_core.event_reactor:joining thread
[9.718s] INFO:colcon.colcon_core.plugin_system:Skipping extension 'colcon_notification.desktop_notification.notify_send': Could not find 'notify-send'
[9.719s] INFO:colcon.colcon_core.plugin_system:Skipping extension 'colcon_notification.desktop_notification.terminal_notifier': Not used on non-Darwin systems
[9.719s] INFO:colcon.colcon_core.plugin_system:Skipping extension 'colcon_notification.desktop_notification.win32': Not used on non-Windows systems
[9.719s] INFO:colcon.colcon_notification.desktop_notification:Sending desktop notification using 'notify2'
[9.737s] DEBUG:colcon.colcon_notification.desktop_notification.notify2:Failed to initialize notify2: org.freedesktop.DBus.Error.ServiceUnknown: The name org.freedesktop.Notifications was not provided by any .service files
[9.738s] DEBUG:colcon.colcon_core.event_reactor:joined thread
[9.747s] INFO:colcon.colcon_core.shell:Creating prefix script '/root/usf_robotics/CIS4900_RoboticNavigator/src/install/local_setup.ps1'
[9.751s] INFO:colcon.colcon_core.shell:Creating prefix util module '/root/usf_robotics/CIS4900_RoboticNavigator/src/install/_local_setup_util_ps1.py'
[9.757s] INFO:colcon.colcon_core.shell:Creating prefix chain script '/root/usf_robotics/CIS4900_RoboticNavigator/src/install/setup.ps1'
[9.773s] INFO:colcon.colcon_core.shell:Creating prefix script '/root/usf_robotics/CIS4900_RoboticNavigator/src/install/local_setup.sh'
[9.775s] INFO:colcon.colcon_core.shell:Creating prefix util module '/root/usf_robotics/CIS4900_RoboticNavigator/src/install/_local_setup_util_sh.py'
[9.777s] INFO:colcon.colcon_core.shell:Creating prefix chain script '/root/usf_robotics/CIS4900_RoboticNavigator/src/install/setup.sh'
[9.792s] INFO:colcon.colcon_core.shell:Creating prefix script '/root/usf_robotics/CIS4900_RoboticNavigator/src/install/local_setup.bash'
[9.794s] INFO:colcon.colcon_core.shell:Creating prefix chain script '/root/usf_robotics/CIS4900_RoboticNavigator/src/install/setup.bash'
[9.809s] INFO:colcon.colcon_core.shell:Creating prefix script '/root/usf_robotics/CIS4900_RoboticNavigator/src/install/local_setup.zsh'
[9.810s] INFO:colcon.colcon_core.shell:Creating prefix chain script '/root/usf_robotics/CIS4900_RoboticNavigator/src/install/setup.zsh'
