/root/usf_robotics/CIS4900_RoboticNavigator/src/install/control_room_ui/lib/python3.8/site-packages/control_room_ui/std_msg_test.py
/root/usf_robotics/CIS4900_RoboticNavigator/src/install/control_room_ui/lib/python3.8/site-packages/control_room_ui/__init__.py
/root/usf_robotics/CIS4900_RoboticNavigator/src/install/control_room_ui/lib/python3.8/site-packages/control_room_ui/test_std_msgs.py
/root/usf_robotics/CIS4900_RoboticNavigator/src/install/control_room_ui/lib/python3.8/site-packages/control_room_ui/lidar_visual.py
/root/usf_robotics/CIS4900_RoboticNavigator/src/install/control_room_ui/lib/python3.8/site-packages/control_room_ui/flask_server.py
/root/usf_robotics/CIS4900_RoboticNavigator/src/install/control_room_ui/lib/python3.8/site-packages/control_room_ui/lidar_visualizer.py
/root/usf_robotics/CIS4900_RoboticNavigator/src/install/control_room_ui/lib/python3.8/site-packages/control_room_ui/__pycache__/std_msg_test.cpython-38.pyc
/root/usf_robotics/CIS4900_RoboticNavigator/src/install/control_room_ui/lib/python3.8/site-packages/control_room_ui/__pycache__/__init__.cpython-38.pyc
/root/usf_robotics/CIS4900_RoboticNavigator/src/install/control_room_ui/lib/python3.8/site-packages/control_room_ui/__pycache__/test_std_msgs.cpython-38.pyc
/root/usf_robotics/CIS4900_RoboticNavigator/src/install/control_room_ui/lib/python3.8/site-packages/control_room_ui/__pycache__/lidar_visual.cpython-38.pyc
/root/usf_robotics/CIS4900_RoboticNavigator/src/install/control_room_ui/lib/python3.8/site-packages/control_room_ui/__pycache__/flask_server.cpython-38.pyc
/root/usf_robotics/CIS4900_RoboticNavigator/src/install/control_room_ui/lib/python3.8/site-packages/control_room_ui/__pycache__/lidar_visualizer.cpython-38.pyc
/root/usf_robotics/CIS4900_RoboticNavigator/src/install/control_room_ui/share/ament_index/resource_index/packages/control_room_ui
/root/usf_robotics/CIS4900_RoboticNavigator/src/install/control_room_ui/share/control_room_ui/package.xml
/root/usf_robotics/CIS4900_RoboticNavigator/src/install/control_room_ui/lib/python3.8/site-packages/control_room_ui-0.0.0-py3.8.egg-info/PKG-INFO
/root/usf_robotics/CIS4900_RoboticNavigator/src/install/control_room_ui/lib/python3.8/site-packages/control_room_ui-0.0.0-py3.8.egg-info/top_level.txt
/root/usf_robotics/CIS4900_RoboticNavigator/src/install/control_room_ui/lib/python3.8/site-packages/control_room_ui-0.0.0-py3.8.egg-info/zip-safe
/root/usf_robotics/CIS4900_RoboticNavigator/src/install/control_room_ui/lib/python3.8/site-packages/control_room_ui-0.0.0-py3.8.egg-info/dependency_links.txt
/root/usf_robotics/CIS4900_RoboticNavigator/src/install/control_room_ui/lib/python3.8/site-packages/control_room_ui-0.0.0-py3.8.egg-info/entry_points.txt
/root/usf_robotics/CIS4900_RoboticNavigator/src/install/control_room_ui/lib/python3.8/site-packages/control_room_ui-0.0.0-py3.8.egg-info/requires.txt
/root/usf_robotics/CIS4900_RoboticNavigator/src/install/control_room_ui/lib/python3.8/site-packages/control_room_ui-0.0.0-py3.8.egg-info/SOURCES.txt
/root/usf_robotics/CIS4900_RoboticNavigator/src/install/control_room_ui/lib/control_room_ui/flask_server
/root/usf_robotics/CIS4900_RoboticNavigator/src/install/control_room_ui/lib/control_room_ui/lidar_visual
/root/usf_robotics/CIS4900_RoboticNavigator/src/install/control_room_ui/lib/control_room_ui/test_std_msgs
