running egg_info
creating ../build/control_room_ui/control_room_ui.egg-info
writing ../build/control_room_ui/control_room_ui.egg-info/PKG-INFO
writing dependency_links to ../build/control_room_ui/control_room_ui.egg-info/dependency_links.txt
writing entry points to ../build/control_room_ui/control_room_ui.egg-info/entry_points.txt
writing requirements to ../build/control_room_ui/control_room_ui.egg-info/requires.txt
writing top-level names to ../build/control_room_ui/control_room_ui.egg-info/top_level.txt
writing manifest file '../build/control_room_ui/control_room_ui.egg-info/SOURCES.txt'
reading manifest file '../build/control_room_ui/control_room_ui.egg-info/SOURCES.txt'
writing manifest file '../build/control_room_ui/control_room_ui.egg-info/SOURCES.txt'
running build
running build_py
creating /root/usf_robotics/CIS4900_RoboticNavigator/src/build/control_room_ui/build
creating /root/usf_robotics/CIS4900_RoboticNavigator/src/build/control_room_ui/build/lib
creating /root/usf_robotics/CIS4900_RoboticNavigator/src/build/control_room_ui/build/lib/control_room_ui
copying control_room_ui/__init__.py -> /root/usf_robotics/CIS4900_RoboticNavigator/src/build/control_room_ui/build/lib/control_room_ui
copying control_room_ui/flask_server.py -> /root/usf_robotics/CIS4900_RoboticNavigator/src/build/control_room_ui/build/lib/control_room_ui
running install
running install_lib
creating /root/usf_robotics/CIS4900_RoboticNavigator/src/install/control_room_ui/lib/python3.8/site-packages/control_room_ui
copying /root/usf_robotics/CIS4900_RoboticNavigator/src/build/control_room_ui/build/lib/control_room_ui/__init__.py -> /root/usf_robotics/CIS4900_RoboticNavigator/src/install/control_room_ui/lib/python3.8/site-packages/control_room_ui
copying /root/usf_robotics/CIS4900_RoboticNavigator/src/build/control_room_ui/build/lib/control_room_ui/flask_server.py -> /root/usf_robotics/CIS4900_RoboticNavigator/src/install/control_room_ui/lib/python3.8/site-packages/control_room_ui
byte-compiling /root/usf_robotics/CIS4900_RoboticNavigator/src/install/control_room_ui/lib/python3.8/site-packages/control_room_ui/__init__.py to __init__.cpython-38.pyc
byte-compiling /root/usf_robotics/CIS4900_RoboticNavigator/src/install/control_room_ui/lib/python3.8/site-packages/control_room_ui/flask_server.py to flask_server.cpython-38.pyc
running install_data
creating /root/usf_robotics/CIS4900_RoboticNavigator/src/install/control_room_ui/share/ament_index
creating /root/usf_robotics/CIS4900_RoboticNavigator/src/install/control_room_ui/share/ament_index/resource_index
creating /root/usf_robotics/CIS4900_RoboticNavigator/src/install/control_room_ui/share/ament_index/resource_index/packages
copying resource/control_room_ui -> /root/usf_robotics/CIS4900_RoboticNavigator/src/install/control_room_ui/share/ament_index/resource_index/packages
copying package.xml -> /root/usf_robotics/CIS4900_RoboticNavigator/src/install/control_room_ui/share/control_room_ui
running install_egg_info
Copying ../build/control_room_ui/control_room_ui.egg-info to /root/usf_robotics/CIS4900_RoboticNavigator/src/install/control_room_ui/lib/python3.8/site-packages/control_room_ui-0.0.0-py3.8.egg-info
running install_scripts
Installing flask_server script to /root/usf_robotics/CIS4900_RoboticNavigator/src/install/control_room_ui/lib/control_room_ui
writing list of installed files to '/root/usf_robotics/CIS4900_RoboticNavigator/src/build/control_room_ui/install.log'
