[3.619s] Invoking command in '/root/usf_robotics/CIS4900_RoboticNavigator/src/build/control_room_ui': PYTHONPATH=/root/usf_robotics/CIS4900_RoboticNavigator/src/build/control_room_ui/prefix_override:/root/usf_robotics/CIS4900_RoboticNavigator/src/install/control_room_ui/lib/python3.8/site-packages:${PYTHONPATH} /usr/bin/python3 setup.py develop --uninstall --editable --build-directory /root/usf_robotics/CIS4900_RoboticNavigator/src/build/control_room_ui/build
[4.928s] running develop
[5.835s] Invoked command in '/root/usf_robotics/CIS4900_RoboticNavigator/src/build/control_room_ui' returned '0': PYTHONPATH=/root/usf_robotics/CIS4900_RoboticNavigator/src/build/control_room_ui/prefix_override:/root/usf_robotics/CIS4900_RoboticNavigator/src/install/control_room_ui/lib/python3.8/site-packages:${PYTHONPATH} /usr/bin/python3 setup.py develop --uninstall --editable --build-directory /root/usf_robotics/CIS4900_RoboticNavigator/src/build/control_room_ui/build
[5.843s] Invoking command in '/root/usf_robotics/CIS4900_RoboticNavigator/src/control_room_ui': PYTHONPATH=/root/usf_robotics/CIS4900_RoboticNavigator/src/build/control_room_ui/prefix_override:/root/usf_robotics/CIS4900_RoboticNavigator/src/install/control_room_ui/lib/python3.8/site-packages:${PYTHONPATH} /usr/bin/python3 setup.py egg_info --egg-base ../build/control_room_ui build --build-base /root/usf_robotics/CIS4900_RoboticNavigator/src/build/control_room_ui/build install --record /root/usf_robotics/CIS4900_RoboticNavigator/src/build/control_room_ui/install.log --install-scripts $base/lib/control_room_ui --single-version-externally-managed
[7.085s] running egg_info
[7.088s] writing ../build/control_room_ui/control_room_ui.egg-info/PKG-INFO
[7.089s] writing dependency_links to ../build/control_room_ui/control_room_ui.egg-info/dependency_links.txt
[7.089s] writing entry points to ../build/control_room_ui/control_room_ui.egg-info/entry_points.txt
[7.090s] writing requirements to ../build/control_room_ui/control_room_ui.egg-info/requires.txt
[7.091s] writing top-level names to ../build/control_room_ui/control_room_ui.egg-info/top_level.txt
[7.254s] reading manifest file '../build/control_room_ui/control_room_ui.egg-info/SOURCES.txt'
[7.259s] writing manifest file '../build/control_room_ui/control_room_ui.egg-info/SOURCES.txt'
[7.259s] running build
[7.259s] running build_py
[7.260s] copying control_room_ui/lidar_visual.py -> /root/usf_robotics/CIS4900_RoboticNavigator/src/build/control_room_ui/build/lib/control_room_ui
[7.262s] running install
[7.266s] running install_lib
[7.271s] copying /root/usf_robotics/CIS4900_RoboticNavigator/src/build/control_room_ui/build/lib/control_room_ui/lidar_visual.py -> /root/usf_robotics/CIS4900_RoboticNavigator/src/install/control_room_ui/lib/python3.8/site-packages/control_room_ui
[7.274s] byte-compiling /root/usf_robotics/CIS4900_RoboticNavigator/src/install/control_room_ui/lib/python3.8/site-packages/control_room_ui/lidar_visual.py to lidar_visual.cpython-38.pyc
[7.280s] running install_data
[7.283s] running install_egg_info
[7.292s] removing '/root/usf_robotics/CIS4900_RoboticNavigator/src/install/control_room_ui/lib/python3.8/site-packages/control_room_ui-0.0.0-py3.8.egg-info' (and everything under it)
[7.293s] Copying ../build/control_room_ui/control_room_ui.egg-info to /root/usf_robotics/CIS4900_RoboticNavigator/src/install/control_room_ui/lib/python3.8/site-packages/control_room_ui-0.0.0-py3.8.egg-info
[7.296s] running install_scripts
[7.369s] Installing flask_server script to /root/usf_robotics/CIS4900_RoboticNavigator/src/install/control_room_ui/lib/control_room_ui
[7.370s] Installing lidar_visual script to /root/usf_robotics/CIS4900_RoboticNavigator/src/install/control_room_ui/lib/control_room_ui
[7.370s] Installing test_std_msgs script to /root/usf_robotics/CIS4900_RoboticNavigator/src/install/control_room_ui/lib/control_room_ui
[7.372s] writing list of installed files to '/root/usf_robotics/CIS4900_RoboticNavigator/src/build/control_room_ui/install.log'
[7.473s] Invoked command in '/root/usf_robotics/CIS4900_RoboticNavigator/src/control_room_ui' returned '0': PYTHONPATH=/root/usf_robotics/CIS4900_RoboticNavigator/src/build/control_room_ui/prefix_override:/root/usf_robotics/CIS4900_RoboticNavigator/src/install/control_room_ui/lib/python3.8/site-packages:${PYTHONPATH} /usr/bin/python3 setup.py egg_info --egg-base ../build/control_room_ui build --build-base /root/usf_robotics/CIS4900_RoboticNavigator/src/build/control_room_ui/build install --record /root/usf_robotics/CIS4900_RoboticNavigator/src/build/control_room_ui/install.log --install-scripts $base/lib/control_room_ui --single-version-externally-managed
